<?xml version="1.0" encoding="UTF-8"?>
<coverage generated="1652676825463" clover="3.2.0">
  <project timestamp="1652676825463" name="All files">
    <metrics statements="91" coveredstatements="86" conditionals="16" coveredconditionals="13" methods="33" coveredmethods="30" elements="140" coveredelements="129" complexity="0" loc="91" ncloc="91" packages="1" files="12" classes="12"/>
    <file name="GildedRose.ts" path="/home/rubenfgr/DevOps/jobs/rubenfgr/projects/solid-principles/gildedrose-refactoring/src/GildedRose.ts">
      <metrics statements="4" coveredstatements="4" conditionals="1" coveredconditionals="0" methods="3" coveredmethods="3"/>
      <line num="3" count="1" type="stmt"/>
      <line num="7" count="11" type="stmt"/>
      <line num="11" count="11" type="stmt"/>
      <line num="12" count="11" type="stmt"/>
    </file>
    <file name="Item.ts" path="/home/rubenfgr/DevOps/jobs/rubenfgr/projects/solid-principles/gildedrose-refactoring/src/Item.ts">
      <metrics statements="10" coveredstatements="9" conditionals="0" coveredconditionals="0" methods="7" coveredmethods="6"/>
      <line num="5" count="1" type="stmt"/>
      <line num="11" count="11" type="stmt"/>
      <line num="12" count="11" type="stmt"/>
      <line num="13" count="11" type="stmt"/>
      <line num="17" count="0" type="stmt"/>
      <line num="21" count="10" type="stmt"/>
      <line num="25" count="13" type="stmt"/>
      <line num="29" count="6" type="stmt"/>
      <line num="33" count="1" type="stmt"/>
      <line num="37" count="18" type="stmt"/>
    </file>
    <file name="ItemAgedBrie.ts" path="/home/rubenfgr/DevOps/jobs/rubenfgr/projects/solid-principles/gildedrose-refactoring/src/ItemAgedBrie.ts">
      <metrics statements="8" coveredstatements="7" conditionals="1" coveredconditionals="0" methods="2" coveredmethods="2"/>
      <line num="1" count="1" type="stmt"/>
      <line num="2" count="1" type="stmt"/>
      <line num="6" count="1" type="stmt"/>
      <line num="8" count="2" type="stmt"/>
      <line num="12" count="2" type="stmt"/>
      <line num="13" count="2" type="stmt"/>
      <line num="14" count="2" type="cond" truecount="0" falsecount="1"/>
      <line num="15" count="0" type="stmt"/>
    </file>
    <file name="ItemBackstagePasses.ts" path="/home/rubenfgr/DevOps/jobs/rubenfgr/projects/solid-principles/gildedrose-refactoring/src/ItemBackstagePasses.ts">
      <metrics statements="13" coveredstatements="13" conditionals="3" coveredconditionals="3" methods="2" coveredmethods="2"/>
      <line num="1" count="1" type="stmt"/>
      <line num="2" count="1" type="stmt"/>
      <line num="5" count="1" type="stmt"/>
      <line num="7" count="1" type="stmt"/>
      <line num="9" count="4" type="stmt"/>
      <line num="13" count="4" type="stmt"/>
      <line num="14" count="4" type="stmt"/>
      <line num="15" count="4" type="cond" truecount="1" falsecount="0"/>
      <line num="16" count="4" type="stmt"/>
      <line num="18" count="4" type="cond" truecount="1" falsecount="0"/>
      <line num="19" count="3" type="stmt"/>
      <line num="21" count="4" type="cond" truecount="1" falsecount="0"/>
      <line num="22" count="1" type="stmt"/>
    </file>
    <file name="ItemBasic.ts" path="/home/rubenfgr/DevOps/jobs/rubenfgr/projects/solid-principles/gildedrose-refactoring/src/ItemBasic.ts">
      <metrics statements="7" coveredstatements="7" conditionals="1" coveredconditionals="1" methods="2" coveredmethods="2"/>
      <line num="1" count="1" type="stmt"/>
      <line num="6" count="1" type="stmt"/>
      <line num="8" count="4" type="stmt"/>
      <line num="12" count="4" type="stmt"/>
      <line num="13" count="4" type="stmt"/>
      <line num="14" count="4" type="cond" truecount="1" falsecount="0"/>
      <line num="15" count="2" type="stmt"/>
    </file>
    <file name="ItemFactory.ts" path="/home/rubenfgr/DevOps/jobs/rubenfgr/projects/solid-principles/gildedrose-refactoring/src/ItemFactory.ts">
      <metrics statements="16" coveredstatements="16" conditionals="3" coveredconditionals="3" methods="1" coveredmethods="1"/>
      <line num="2" count="1" type="stmt"/>
      <line num="3" count="1" type="stmt"/>
      <line num="4" count="1" type="stmt"/>
      <line num="5" count="1" type="stmt"/>
      <line num="6" count="1" type="stmt"/>
      <line num="7" count="1" type="stmt"/>
      <line num="8" count="1" type="stmt"/>
      <line num="10" count="1" type="stmt"/>
      <line num="12" count="11" type="stmt"/>
      <line num="13" count="11" type="stmt"/>
      <line num="14" count="11" type="stmt"/>
      <line num="16" count="11" type="cond" truecount="1" falsecount="0"/>
      <line num="17" count="9" type="cond" truecount="1" falsecount="0"/>
      <line num="18" count="4" type="stmt"/>
      <line num="19" count="5" type="cond" truecount="1" falsecount="0"/>
      <line num="20" count="4" type="stmt"/>
    </file>
    <file name="ItemName.ts" path="/home/rubenfgr/DevOps/jobs/rubenfgr/projects/solid-principles/gildedrose-refactoring/src/ItemName.ts">
      <metrics statements="6" coveredstatements="6" conditionals="0" coveredconditionals="0" methods="4" coveredmethods="4"/>
      <line num="1" count="1" type="stmt"/>
      <line num="3" count="1" type="stmt"/>
      <line num="7" count="18" type="stmt"/>
      <line num="11" count="11" type="stmt"/>
      <line num="15" count="9" type="stmt"/>
      <line num="19" count="5" type="stmt"/>
    </file>
    <file name="ItemQuality.ts" path="/home/rubenfgr/DevOps/jobs/rubenfgr/projects/solid-principles/gildedrose-refactoring/src/ItemQuality.ts">
      <metrics statements="14" coveredstatements="13" conditionals="5" coveredconditionals="4" methods="4" coveredmethods="4"/>
      <line num="1" count="1" type="stmt"/>
      <line num="3" count="1" type="stmt"/>
      <line num="4" count="37" type="stmt"/>
      <line num="5" count="37" type="stmt"/>
      <line num="10" count="37" type="cond" truecount="2" falsecount="1"/>
      <line num="11" count="0" type="stmt"/>
      <line num="17" count="37" type="stmt"/>
      <line num="21" count="13" type="cond" truecount="1" falsecount="0"/>
      <line num="22" count="1" type="stmt"/>
      <line num="24" count="12" type="stmt"/>
      <line num="28" count="6" type="cond" truecount="1" falsecount="0"/>
      <line num="29" count="3" type="stmt"/>
      <line num="31" count="3" type="stmt"/>
      <line num="35" count="1" type="stmt"/>
    </file>
    <file name="ItemQualityOutOfRangeException.ts" path="/home/rubenfgr/DevOps/jobs/rubenfgr/projects/solid-principles/gildedrose-refactoring/src/ItemQualityOutOfRangeException.ts">
      <metrics statements="2" coveredstatements="1" conditionals="0" coveredconditionals="0" methods="1" coveredmethods="0"/>
      <line num="1" count="1" type="stmt"/>
      <line num="3" count="0" type="stmt"/>
    </file>
    <file name="ItemSellIn.ts" path="/home/rubenfgr/DevOps/jobs/rubenfgr/projects/solid-principles/gildedrose-refactoring/src/ItemSellIn.ts">
      <metrics statements="5" coveredstatements="4" conditionals="0" coveredconditionals="0" methods="4" coveredmethods="3"/>
      <line num="1" count="1" type="stmt"/>
      <line num="5" count="23" type="stmt"/>
      <line num="9" count="10" type="stmt"/>
      <line num="13" count="0" type="stmt"/>
      <line num="17" count="18" type="stmt"/>
    </file>
    <file name="ItemSulfuras.ts" path="/home/rubenfgr/DevOps/jobs/rubenfgr/projects/solid-principles/gildedrose-refactoring/src/ItemSulfuras.ts">
      <metrics statements="5" coveredstatements="5" conditionals="0" coveredconditionals="0" methods="2" coveredmethods="2"/>
      <line num="1" count="1" type="stmt"/>
      <line num="2" count="1" type="stmt"/>
      <line num="5" count="1" type="stmt"/>
      <line num="7" count="1" type="stmt"/>
      <line num="9" count="1" type="stmt"/>
    </file>
    <file name="ItemType.enum.ts" path="/home/rubenfgr/DevOps/jobs/rubenfgr/projects/solid-principles/gildedrose-refactoring/src/ItemType.enum.ts">
      <metrics statements="1" coveredstatements="1" conditionals="2" coveredconditionals="2" methods="1" coveredmethods="1"/>
      <line num="1" count="1" type="cond" truecount="2" falsecount="0"/>
    </file>
  </project>
</coverage>
