{"/home/rubenfgr/DevOps/jobs/rubenfgr/projects/solid-principles/gildedrose-refactoring/src/GildedRose.ts": {"path":"/home/rubenfgr/DevOps/jobs/rubenfgr/projects/solid-principles/gildedrose-refactoring/src/GildedRose.ts","statementMap":{"0":{"start":{"line":11,"column":4},"end":{"line":13,"column":7}},"1":{"start":{"line":12,"column":6},"end":{"line":12,"column":27}},"2":{"start":{"line":7,"column":4},"end":{"line":7,"column":23}},"3":{"start":{"line":3,"column":13},"end":{"line":3,"column":null}}},"fnMap":{"0":{"name":"(anonymous_0)","decl":{"start":{"line":10,"column":2},"end":{"line":10,"column":15}},"loc":{"start":{"line":10,"column":18},"end":{"line":14,"column":null}}},"1":{"name":"(anonymous_1)","decl":{"start":{"line":11,"column":23},"end":{"line":11,"column":24}},"loc":{"start":{"line":11,"column":39},"end":{"line":13,"column":6}}},"2":{"name":"(anonymous_2)","decl":{"start":{"line":6,"column":2},"end":{"line":6,"column":14}},"loc":{"start":{"line":6,"column":41},"end":{"line":8,"column":null}}}},"branchMap":{"0":{"loc":{"start":{"line":6,"column":14},"end":{"line":6,"column":24}},"type":"default-arg","locations":[{"start":{"line":6,"column":22},"end":{"line":6,"column":24}}]}},"s":{"0":11,"1":11,"2":11,"3":1},"f":{"0":11,"1":11,"2":11},"b":{"0":[0]}}
,"/home/rubenfgr/DevOps/jobs/rubenfgr/projects/solid-principles/gildedrose-refactoring/src/Item.ts": {"path":"/home/rubenfgr/DevOps/jobs/rubenfgr/projects/solid-principles/gildedrose-refactoring/src/Item.ts","statementMap":{"0":{"start":{"line":17,"column":4},"end":{"line":17,"column":41}},"1":{"start":{"line":21,"column":4},"end":{"line":21,"column":41}},"2":{"start":{"line":25,"column":4},"end":{"line":25,"column":43}},"3":{"start":{"line":29,"column":4},"end":{"line":29,"column":43}},"4":{"start":{"line":33,"column":4},"end":{"line":33,"column":40}},"5":{"start":{"line":37,"column":4},"end":{"line":37,"column":40}},"6":{"start":{"line":11,"column":4},"end":{"line":11,"column":21}},"7":{"start":{"line":12,"column":4},"end":{"line":12,"column":25}},"8":{"start":{"line":13,"column":4},"end":{"line":13,"column":27}},"9":{"start":{"line":5,"column":22},"end":{"line":5,"column":null}}},"fnMap":{"0":{"name":"(anonymous_0)","decl":{"start":{"line":16,"column":2},"end":{"line":16,"column":16}},"loc":{"start":{"line":16,"column":25},"end":{"line":18,"column":null}}},"1":{"name":"(anonymous_1)","decl":{"start":{"line":20,"column":2},"end":{"line":20,"column":16}},"loc":{"start":{"line":20,"column":25},"end":{"line":22,"column":null}}},"2":{"name":"(anonymous_2)","decl":{"start":{"line":24,"column":2},"end":{"line":24,"column":17}},"loc":{"start":{"line":24,"column":26},"end":{"line":26,"column":null}}},"3":{"name":"(anonymous_3)","decl":{"start":{"line":28,"column":2},"end":{"line":28,"column":17}},"loc":{"start":{"line":28,"column":26},"end":{"line":30,"column":null}}},"4":{"name":"(anonymous_4)","decl":{"start":{"line":32,"column":2},"end":{"line":32,"column":14}},"loc":{"start":{"line":32,"column":23},"end":{"line":34,"column":null}}},"5":{"name":"(anonymous_5)","decl":{"start":{"line":36,"column":2},"end":{"line":36,"column":23}},"loc":{"start":{"line":36,"column":47},"end":{"line":38,"column":null}}},"6":{"name":"(anonymous_6)","decl":{"start":{"line":10,"column":2},"end":{"line":10,"column":14}},"loc":{"start":{"line":10,"column":72},"end":{"line":14,"column":null}}}},"branchMap":{},"s":{"0":0,"1":10,"2":13,"3":6,"4":1,"5":18,"6":11,"7":11,"8":11,"9":1},"f":{"0":0,"1":10,"2":13,"3":6,"4":1,"5":18,"6":11},"b":{}}
,"/home/rubenfgr/DevOps/jobs/rubenfgr/projects/solid-principles/gildedrose-refactoring/src/ItemAgedBrie.ts": {"path":"/home/rubenfgr/DevOps/jobs/rubenfgr/projects/solid-principles/gildedrose-refactoring/src/ItemAgedBrie.ts","statementMap":{"0":{"start":{"line":1,"column":29},"end":{"line":1,"column":null}},"1":{"start":{"line":2,"column":37},"end":{"line":2,"column":null}},"2":{"start":{"line":12,"column":4},"end":{"line":12,"column":27}},"3":{"start":{"line":13,"column":4},"end":{"line":13,"column":26}},"4":{"start":{"line":14,"column":4},"end":{"line":16,"column":null}},"5":{"start":{"line":15,"column":6},"end":{"line":15,"column":29}},"6":{"start":{"line":8,"column":4},"end":{"line":8,"column":72}},"7":{"start":{"line":6,"column":13},"end":{"line":6,"column":34}}},"fnMap":{"0":{"name":"(anonymous_0)","decl":{"start":{"line":11,"column":2},"end":{"line":11,"column":15}},"loc":{"start":{"line":11,"column":24},"end":{"line":17,"column":null}}},"1":{"name":"(anonymous_1)","decl":{"start":{"line":7,"column":2},"end":{"line":7,"column":14}},"loc":{"start":{"line":7,"column":56},"end":{"line":9,"column":null}}}},"branchMap":{"0":{"loc":{"start":{"line":14,"column":4},"end":{"line":16,"column":null}},"type":"if","locations":[{"start":{"line":14,"column":4},"end":{"line":16,"column":null}}]}},"s":{"0":1,"1":1,"2":2,"3":2,"4":2,"5":0,"6":2,"7":1},"f":{"0":2,"1":2},"b":{"0":[0]}}
,"/home/rubenfgr/DevOps/jobs/rubenfgr/projects/solid-principles/gildedrose-refactoring/src/ItemBackstagePasses.ts": {"path":"/home/rubenfgr/DevOps/jobs/rubenfgr/projects/solid-principles/gildedrose-refactoring/src/ItemBackstagePasses.ts","statementMap":{"0":{"start":{"line":1,"column":29},"end":{"line":1,"column":null}},"1":{"start":{"line":2,"column":37},"end":{"line":2,"column":null}},"2":{"start":{"line":5,"column":46},"end":{"line":5,"column":null}},"3":{"start":{"line":13,"column":4},"end":{"line":13,"column":27}},"4":{"start":{"line":14,"column":4},"end":{"line":14,"column":26}},"5":{"start":{"line":15,"column":4},"end":{"line":17,"column":null}},"6":{"start":{"line":16,"column":6},"end":{"line":16,"column":29}},"7":{"start":{"line":18,"column":4},"end":{"line":20,"column":null}},"8":{"start":{"line":19,"column":6},"end":{"line":19,"column":29}},"9":{"start":{"line":21,"column":4},"end":{"line":23,"column":null}},"10":{"start":{"line":22,"column":6},"end":{"line":22,"column":26}},"11":{"start":{"line":9,"column":4},"end":{"line":9,"column":77}},"12":{"start":{"line":7,"column":13},"end":{"line":7,"column":41}}},"fnMap":{"0":{"name":"(anonymous_0)","decl":{"start":{"line":12,"column":2},"end":{"line":12,"column":15}},"loc":{"start":{"line":12,"column":24},"end":{"line":24,"column":null}}},"1":{"name":"(anonymous_1)","decl":{"start":{"line":8,"column":2},"end":{"line":8,"column":14}},"loc":{"start":{"line":8,"column":56},"end":{"line":10,"column":null}}}},"branchMap":{"0":{"loc":{"start":{"line":15,"column":4},"end":{"line":17,"column":null}},"type":"if","locations":[{"start":{"line":15,"column":4},"end":{"line":17,"column":null}}]},"1":{"loc":{"start":{"line":18,"column":4},"end":{"line":20,"column":null}},"type":"if","locations":[{"start":{"line":18,"column":4},"end":{"line":20,"column":null}}]},"2":{"loc":{"start":{"line":21,"column":4},"end":{"line":23,"column":null}},"type":"if","locations":[{"start":{"line":21,"column":4},"end":{"line":23,"column":null}}]}},"s":{"0":1,"1":1,"2":1,"3":4,"4":4,"5":4,"6":4,"7":4,"8":3,"9":4,"10":1,"11":4,"12":1},"f":{"0":4,"1":4},"b":{"0":[4],"1":[3],"2":[1]}}
,"/home/rubenfgr/DevOps/jobs/rubenfgr/projects/solid-principles/gildedrose-refactoring/src/ItemBasic.ts": {"path":"/home/rubenfgr/DevOps/jobs/rubenfgr/projects/solid-principles/gildedrose-refactoring/src/ItemBasic.ts","statementMap":{"0":{"start":{"line":1,"column":29},"end":{"line":1,"column":null}},"1":{"start":{"line":12,"column":4},"end":{"line":12,"column":27}},"2":{"start":{"line":13,"column":4},"end":{"line":13,"column":26}},"3":{"start":{"line":14,"column":4},"end":{"line":16,"column":null}},"4":{"start":{"line":15,"column":6},"end":{"line":15,"column":29}},"5":{"start":{"line":8,"column":4},"end":{"line":8,"column":33}},"6":{"start":{"line":6,"column":13},"end":{"line":6,"column":31}}},"fnMap":{"0":{"name":"(anonymous_0)","decl":{"start":{"line":11,"column":2},"end":{"line":11,"column":15}},"loc":{"start":{"line":11,"column":24},"end":{"line":17,"column":null}}},"1":{"name":"(anonymous_1)","decl":{"start":{"line":7,"column":2},"end":{"line":7,"column":14}},"loc":{"start":{"line":7,"column":72},"end":{"line":9,"column":null}}}},"branchMap":{"0":{"loc":{"start":{"line":14,"column":4},"end":{"line":16,"column":null}},"type":"if","locations":[{"start":{"line":14,"column":4},"end":{"line":16,"column":null}}]}},"s":{"0":1,"1":4,"2":4,"3":4,"4":2,"5":4,"6":1},"f":{"0":4,"1":4},"b":{"0":[2]}}
,"/home/rubenfgr/DevOps/jobs/rubenfgr/projects/solid-principles/gildedrose-refactoring/src/ItemFactory.ts": {"path":"/home/rubenfgr/DevOps/jobs/rubenfgr/projects/solid-principles/gildedrose-refactoring/src/ItemFactory.ts","statementMap":{"0":{"start":{"line":2,"column":45},"end":{"line":2,"column":null}},"1":{"start":{"line":3,"column":59},"end":{"line":3,"column":null}},"2":{"start":{"line":4,"column":39},"end":{"line":4,"column":null}},"3":{"start":{"line":5,"column":37},"end":{"line":5,"column":null}},"4":{"start":{"line":6,"column":43},"end":{"line":6,"column":null}},"5":{"start":{"line":7,"column":41},"end":{"line":7,"column":null}},"6":{"start":{"line":8,"column":45},"end":{"line":8,"column":null}},"7":{"start":{"line":12,"column":17},"end":{"line":12,"column":38}},"8":{"start":{"line":13,"column":19},"end":{"line":13,"column":44}},"9":{"start":{"line":14,"column":20},"end":{"line":14,"column":47}},"10":{"start":{"line":16,"column":4},"end":{"line":16,"column":68}},"11":{"start":{"line":16,"column":27},"end":{"line":16,"column":68}},"12":{"start":{"line":17,"column":4},"end":{"line":18,"column":54}},"13":{"start":{"line":18,"column":6},"end":{"line":18,"column":54}},"14":{"start":{"line":19,"column":4},"end":{"line":19,"column":68}},"15":{"start":{"line":19,"column":27},"end":{"line":19,"column":68}},"16":{"start":{"line":20,"column":4},"end":{"line":20,"column":48}},"17":{"start":{"line":10,"column":22},"end":{"line":10,"column":null}}},"fnMap":{"0":{"name":"(anonymous_0)","decl":{"start":{"line":11,"column":2},"end":{"line":11,"column":9}},"loc":{"start":{"line":11,"column":79},"end":{"line":21,"column":null}}}},"branchMap":{"0":{"loc":{"start":{"line":16,"column":4},"end":{"line":16,"column":68}},"type":"if","locations":[{"start":{"line":16,"column":4},"end":{"line":16,"column":68}}]},"1":{"loc":{"start":{"line":17,"column":4},"end":{"line":18,"column":54}},"type":"if","locations":[{"start":{"line":17,"column":4},"end":{"line":18,"column":54}}]},"2":{"loc":{"start":{"line":19,"column":4},"end":{"line":19,"column":68}},"type":"if","locations":[{"start":{"line":19,"column":4},"end":{"line":19,"column":68}}]}},"s":{"0":1,"1":1,"2":1,"3":1,"4":1,"5":1,"6":1,"7":11,"8":11,"9":11,"10":11,"11":2,"12":9,"13":4,"14":5,"15":1,"16":4,"17":1},"f":{"0":11},"b":{"0":[2],"1":[4],"2":[1]}}
,"/home/rubenfgr/DevOps/jobs/rubenfgr/projects/solid-principles/gildedrose-refactoring/src/ItemName.ts": {"path":"/home/rubenfgr/DevOps/jobs/rubenfgr/projects/solid-principles/gildedrose-refactoring/src/ItemName.ts","statementMap":{"0":{"start":{"line":1,"column":46},"end":{"line":1,"column":null}},"1":{"start":{"line":11,"column":4},"end":{"line":11,"column":54}},"2":{"start":{"line":15,"column":4},"end":{"line":15,"column":61}},"3":{"start":{"line":19,"column":4},"end":{"line":19,"column":53}},"4":{"start":{"line":7,"column":4},"end":{"line":7,"column":23}},"5":{"start":{"line":3,"column":13},"end":{"line":3,"column":null}}},"fnMap":{"0":{"name":"(anonymous_0)","decl":{"start":{"line":10,"column":2},"end":{"line":10,"column":12}},"loc":{"start":{"line":10,"column":24},"end":{"line":12,"column":null}}},"1":{"name":"(anonymous_1)","decl":{"start":{"line":14,"column":2},"end":{"line":14,"column":19}},"loc":{"start":{"line":14,"column":31},"end":{"line":16,"column":null}}},"2":{"name":"(anonymous_2)","decl":{"start":{"line":18,"column":2},"end":{"line":18,"column":12}},"loc":{"start":{"line":18,"column":24},"end":{"line":20,"column":null}}},"3":{"name":"(anonymous_3)","decl":{"start":{"line":6,"column":2},"end":{"line":6,"column":14}},"loc":{"start":{"line":6,"column":29},"end":{"line":8,"column":null}}}},"branchMap":{},"s":{"0":1,"1":11,"2":9,"3":5,"4":18,"5":1},"f":{"0":11,"1":9,"2":5,"3":18},"b":{}}
,"/home/rubenfgr/DevOps/jobs/rubenfgr/projects/solid-principles/gildedrose-refactoring/src/ItemQuality.ts": {"path":"/home/rubenfgr/DevOps/jobs/rubenfgr/projects/solid-principles/gildedrose-refactoring/src/ItemQuality.ts","statementMap":{"0":{"start":{"line":1,"column":81},"end":{"line":1,"column":null}},"1":{"start":{"line":21,"column":4},"end":{"line":23,"column":null}},"2":{"start":{"line":22,"column":6},"end":{"line":22,"column":18}},"3":{"start":{"line":24,"column":4},"end":{"line":24,"column":43}},"4":{"start":{"line":28,"column":4},"end":{"line":30,"column":null}},"5":{"start":{"line":29,"column":6},"end":{"line":29,"column":18}},"6":{"start":{"line":31,"column":4},"end":{"line":31,"column":43}},"7":{"start":{"line":35,"column":4},"end":{"line":35,"column":52}},"8":{"start":{"line":4,"column":2},"end":{"line":4,"column":24}},"9":{"start":{"line":5,"column":2},"end":{"line":5,"column":23}},"10":{"start":{"line":10,"column":4},"end":{"line":16,"column":null}},"11":{"start":{"line":11,"column":6},"end":{"line":15,"column":8}},"12":{"start":{"line":17,"column":4},"end":{"line":17,"column":23}},"13":{"start":{"line":3,"column":13},"end":{"line":3,"column":null}}},"fnMap":{"0":{"name":"(anonymous_0)","decl":{"start":{"line":20,"column":2},"end":{"line":20,"column":10}},"loc":{"start":{"line":20,"column":26},"end":{"line":25,"column":null}}},"1":{"name":"(anonymous_1)","decl":{"start":{"line":27,"column":2},"end":{"line":27,"column":10}},"loc":{"start":{"line":27,"column":26},"end":{"line":32,"column":null}}},"2":{"name":"(anonymous_2)","decl":{"start":{"line":34,"column":2},"end":{"line":34,"column":7}},"loc":{"start":{"line":34,"column":23},"end":{"line":36,"column":null}}},"3":{"name":"(anonymous_3)","decl":{"start":{"line":9,"column":2},"end":{"line":9,"column":14}},"loc":{"start":{"line":9,"column":29},"end":{"line":18,"column":null}}}},"branchMap":{"0":{"loc":{"start":{"line":21,"column":4},"end":{"line":23,"column":null}},"type":"if","locations":[{"start":{"line":21,"column":4},"end":{"line":23,"column":null}}]},"1":{"loc":{"start":{"line":28,"column":4},"end":{"line":30,"column":null}},"type":"if","locations":[{"start":{"line":28,"column":4},"end":{"line":30,"column":null}}]},"2":{"loc":{"start":{"line":10,"column":4},"end":{"line":16,"column":null}},"type":"if","locations":[{"start":{"line":10,"column":4},"end":{"line":16,"column":null}}]},"3":{"loc":{"start":{"line":10,"column":8},"end":{"line":10,"column":56}},"type":"binary-expr","locations":[{"start":{"line":10,"column":8},"end":{"line":10,"column":30}},{"start":{"line":10,"column":34},"end":{"line":10,"column":56}}]}},"s":{"0":1,"1":13,"2":1,"3":12,"4":6,"5":3,"6":3,"7":1,"8":37,"9":37,"10":37,"11":0,"12":37,"13":1},"f":{"0":13,"1":6,"2":1,"3":37},"b":{"0":[1],"1":[3],"2":[0],"3":[37,37]}}
,"/home/rubenfgr/DevOps/jobs/rubenfgr/projects/solid-principles/gildedrose-refactoring/src/ItemQualityOutOfRangeException.ts": {"path":"/home/rubenfgr/DevOps/jobs/rubenfgr/projects/solid-principles/gildedrose-refactoring/src/ItemQualityOutOfRangeException.ts","statementMap":{"0":{"start":{"line":3,"column":4},"end":{"line":3,"column":73}},"1":{"start":{"line":1,"column":13},"end":{"line":1,"column":52}}},"fnMap":{"0":{"name":"(anonymous_0)","decl":{"start":{"line":2,"column":2},"end":{"line":2,"column":14}},"loc":{"start":{"line":2,"column":60},"end":{"line":4,"column":null}}}},"branchMap":{},"s":{"0":0,"1":1},"f":{"0":0},"b":{}}
,"/home/rubenfgr/DevOps/jobs/rubenfgr/projects/solid-principles/gildedrose-refactoring/src/ItemSellIn.ts": {"path":"/home/rubenfgr/DevOps/jobs/rubenfgr/projects/solid-principles/gildedrose-refactoring/src/ItemSellIn.ts","statementMap":{"0":{"start":{"line":9,"column":4},"end":{"line":9,"column":42}},"1":{"start":{"line":13,"column":4},"end":{"line":13,"column":42}},"2":{"start":{"line":17,"column":4},"end":{"line":17,"column":29}},"3":{"start":{"line":5,"column":4},"end":{"line":5,"column":23}},"4":{"start":{"line":1,"column":13},"end":{"line":1,"column":null}}},"fnMap":{"0":{"name":"(anonymous_0)","decl":{"start":{"line":8,"column":2},"end":{"line":8,"column":10}},"loc":{"start":{"line":8,"column":25},"end":{"line":10,"column":null}}},"1":{"name":"(anonymous_1)","decl":{"start":{"line":12,"column":2},"end":{"line":12,"column":10}},"loc":{"start":{"line":12,"column":25},"end":{"line":14,"column":null}}},"2":{"name":"(anonymous_2)","decl":{"start":{"line":16,"column":2},"end":{"line":16,"column":12}},"loc":{"start":{"line":16,"column":36},"end":{"line":18,"column":null}}},"3":{"name":"(anonymous_3)","decl":{"start":{"line":4,"column":2},"end":{"line":4,"column":14}},"loc":{"start":{"line":4,"column":29},"end":{"line":6,"column":null}}}},"branchMap":{},"s":{"0":10,"1":0,"2":18,"3":23,"4":1},"f":{"0":10,"1":0,"2":18,"3":23},"b":{}}
,"/home/rubenfgr/DevOps/jobs/rubenfgr/projects/solid-principles/gildedrose-refactoring/src/ItemSulfuras.ts": {"path":"/home/rubenfgr/DevOps/jobs/rubenfgr/projects/solid-principles/gildedrose-refactoring/src/ItemSulfuras.ts","statementMap":{"0":{"start":{"line":1,"column":29},"end":{"line":1,"column":null}},"1":{"start":{"line":2,"column":37},"end":{"line":2,"column":null}},"2":{"start":{"line":5,"column":46},"end":{"line":5,"column":null}},"3":{"start":{"line":9,"column":4},"end":{"line":9,"column":69}},"4":{"start":{"line":7,"column":13},"end":{"line":7,"column":34}}},"fnMap":{"0":{"name":"(anonymous_0)","decl":{"start":{"line":12,"column":2},"end":{"line":12,"column":15}},"loc":{"start":{"line":12,"column":24},"end":{"line":14,"column":null}}},"1":{"name":"(anonymous_1)","decl":{"start":{"line":8,"column":2},"end":{"line":8,"column":14}},"loc":{"start":{"line":8,"column":56},"end":{"line":10,"column":null}}}},"branchMap":{},"s":{"0":1,"1":1,"2":1,"3":1,"4":1},"f":{"0":1,"1":1},"b":{}}
,"/home/rubenfgr/DevOps/jobs/rubenfgr/projects/solid-principles/gildedrose-refactoring/src/ItemType.enum.ts": {"path":"/home/rubenfgr/DevOps/jobs/rubenfgr/projects/solid-principles/gildedrose-refactoring/src/ItemType.enum.ts","statementMap":{"0":{"start":{"line":1,"column":12},"end":{"line":1,"column":null}},"1":{"start":{"line":1,"column":12},"end":{"line":2,"column":null}},"2":{"start":{"line":1,"column":12},"end":{"line":3,"column":null}},"3":{"start":{"line":1,"column":12},"end":{"line":4,"column":null}}},"fnMap":{"0":{"name":"(anonymous_0)","decl":{"start":{"line":1,"column":12},"end":{"line":1,"column":24}},"loc":{"start":{"line":1,"column":24},"end":{"line":1,"column":11}}}},"branchMap":{"0":{"loc":{"start":{"line":1,"column":12},"end":{"line":1,"column":null}},"type":"binary-expr","locations":[{"start":{"line":1,"column":12},"end":{"line":1,"column":24}},{"start":{"line":1,"column":24},"end":{"line":1,"column":null}}]}},"s":{"0":1,"1":1,"2":1,"3":1},"f":{"0":1},"b":{"0":[1,1]}}
}
