TN:
SF:src/GildedRose.ts
FN:10,(anonymous_0)
FN:11,(anonymous_1)
FN:6,(anonymous_2)
FNF:3
FNH:3
FNDA:11,(anonymous_0)
FNDA:11,(anonymous_1)
FNDA:11,(anonymous_2)
DA:3,1
DA:7,11
DA:11,11
DA:12,11
LF:4
LH:4
BRDA:6,0,0,0
BRF:1
BRH:0
end_of_record
TN:
SF:src/Item.ts
FN:16,(anonymous_0)
FN:20,(anonymous_1)
FN:24,(anonymous_2)
FN:28,(anonymous_3)
FN:32,(anonymous_4)
FN:36,(anonymous_5)
FN:10,(anonymous_6)
FNF:7
FNH:6
FNDA:0,(anonymous_0)
FNDA:10,(anonymous_1)
FNDA:13,(anonymous_2)
FNDA:6,(anonymous_3)
FNDA:1,(anonymous_4)
FNDA:18,(anonymous_5)
FNDA:11,(anonymous_6)
DA:5,1
DA:11,11
DA:12,11
DA:13,11
DA:17,0
DA:21,10
DA:25,13
DA:29,6
DA:33,1
DA:37,18
LF:10
LH:9
BRF:0
BRH:0
end_of_record
TN:
SF:src/ItemAgedBrie.ts
FN:11,(anonymous_0)
FN:7,(anonymous_1)
FNF:2
FNH:2
FNDA:2,(anonymous_0)
FNDA:2,(anonymous_1)
DA:1,1
DA:2,1
DA:6,1
DA:8,2
DA:12,2
DA:13,2
DA:14,2
DA:15,0
LF:8
LH:7
BRDA:14,0,0,0
BRF:1
BRH:0
end_of_record
TN:
SF:src/ItemBackstagePasses.ts
FN:12,(anonymous_0)
FN:8,(anonymous_1)
FNF:2
FNH:2
FNDA:4,(anonymous_0)
FNDA:4,(anonymous_1)
DA:1,1
DA:2,1
DA:5,1
DA:7,1
DA:9,4
DA:13,4
DA:14,4
DA:15,4
DA:16,4
DA:18,4
DA:19,3
DA:21,4
DA:22,1
LF:13
LH:13
BRDA:15,0,0,4
BRDA:18,1,0,3
BRDA:21,2,0,1
BRF:3
BRH:3
end_of_record
TN:
SF:src/ItemBasic.ts
FN:11,(anonymous_0)
FN:7,(anonymous_1)
FNF:2
FNH:2
FNDA:4,(anonymous_0)
FNDA:4,(anonymous_1)
DA:1,1
DA:6,1
DA:8,4
DA:12,4
DA:13,4
DA:14,4
DA:15,2
LF:7
LH:7
BRDA:14,0,0,2
BRF:1
BRH:1
end_of_record
TN:
SF:src/ItemFactory.ts
FN:11,(anonymous_0)
FNF:1
FNH:1
FNDA:11,(anonymous_0)
DA:2,1
DA:3,1
DA:4,1
DA:5,1
DA:6,1
DA:7,1
DA:8,1
DA:10,1
DA:12,11
DA:13,11
DA:14,11
DA:16,11
DA:17,9
DA:18,4
DA:19,5
DA:20,4
LF:16
LH:16
BRDA:16,0,0,2
BRDA:17,1,0,4
BRDA:19,2,0,1
BRF:3
BRH:3
end_of_record
TN:
SF:src/ItemName.ts
FN:10,(anonymous_0)
FN:14,(anonymous_1)
FN:18,(anonymous_2)
FN:6,(anonymous_3)
FNF:4
FNH:4
FNDA:11,(anonymous_0)
FNDA:9,(anonymous_1)
FNDA:5,(anonymous_2)
FNDA:18,(anonymous_3)
DA:1,1
DA:3,1
DA:7,18
DA:11,11
DA:15,9
DA:19,5
LF:6
LH:6
BRF:0
BRH:0
end_of_record
TN:
SF:src/ItemQuality.ts
FN:20,(anonymous_0)
FN:27,(anonymous_1)
FN:34,(anonymous_2)
FN:9,(anonymous_3)
FNF:4
FNH:4
FNDA:13,(anonymous_0)
FNDA:6,(anonymous_1)
FNDA:1,(anonymous_2)
FNDA:37,(anonymous_3)
DA:1,1
DA:3,1
DA:4,37
DA:5,37
DA:10,37
DA:11,0
DA:17,37
DA:21,13
DA:22,1
DA:24,12
DA:28,6
DA:29,3
DA:31,3
DA:35,1
LF:14
LH:13
BRDA:21,0,0,1
BRDA:28,1,0,3
BRDA:10,2,0,0
BRDA:10,3,0,37
BRDA:10,3,1,37
BRF:5
BRH:4
end_of_record
TN:
SF:src/ItemQualityOutOfRangeException.ts
FN:2,(anonymous_0)
FNF:1
FNH:0
FNDA:0,(anonymous_0)
DA:1,1
DA:3,0
LF:2
LH:1
BRF:0
BRH:0
end_of_record
TN:
SF:src/ItemSellIn.ts
FN:8,(anonymous_0)
FN:12,(anonymous_1)
FN:16,(anonymous_2)
FN:4,(anonymous_3)
FNF:4
FNH:3
FNDA:10,(anonymous_0)
FNDA:0,(anonymous_1)
FNDA:18,(anonymous_2)
FNDA:23,(anonymous_3)
DA:1,1
DA:5,23
DA:9,10
DA:13,0
DA:17,18
LF:5
LH:4
BRF:0
BRH:0
end_of_record
TN:
SF:src/ItemSulfuras.ts
FN:12,(anonymous_0)
FN:8,(anonymous_1)
FNF:2
FNH:2
FNDA:1,(anonymous_0)
FNDA:1,(anonymous_1)
DA:1,1
DA:2,1
DA:5,1
DA:7,1
DA:9,1
LF:5
LH:5
BRF:0
BRH:0
end_of_record
TN:
SF:src/ItemType.enum.ts
FN:1,(anonymous_0)
FNF:1
FNH:1
FNDA:1,(anonymous_0)
DA:1,1
LF:1
LH:1
BRDA:1,0,0,1
BRDA:1,0,1,1
BRF:2
BRH:2
end_of_record
